Arguments: 
  /root/.nvm/versions/node/v7.4.0/bin/node /root/.nvm/versions/node/v7.4.0/bin/yarn add jssha

PATH: 
  /root/.nvm/versions/node/v7.4.0/bin:/usr/local/sbin:/usr/local/bin:/sbin:/bin:/usr/sbin:/usr/bin:/root/bin

Yarn version: 
  0.20.3

Node version: 
  7.4.0

Platform: 
  linux x64

npm manifest: 
  {
  	"name": "myProject",
  	"version": "1.0.0",
  	"main": "index.js",
  	"author": "wanghui",
  	"license": "MIT",
  	"devDependencies": {
  		"async": "^2.1.4",
  		"express": "^4.14.0",
  		"mongodb": "^2.2.11"
  	},
  	"dependencies": {
  		"axios": "^0.15.3",
  		"md5": "^2.2.1",
  		"request": "^2.79.0"
  	}
  }

yarn manifest: 
  No manifest

Lockfile: 
  # THIS IS AN AUTOGENERATED FILE. DO NOT EDIT THIS FILE DIRECTLY.
  # yarn lockfile v1
  
  
  accepts@~1.3.3:
    version "1.3.3"
    resolved "http://r.cnpmjs.org/accepts/download/accepts-1.3.3.tgz#c3ca7434938648c3e0d9c1e328dd68b622c284ca"
    dependencies:
      mime-types "~2.1.11"
      negotiator "0.6.1"
  
  ansi-regex@^2.0.0:
    version "2.1.1"
    resolved "http://r.cnpmjs.org/ansi-regex/download/ansi-regex-2.1.1.tgz#c3b33ab5ee360d86e0e628f0468ae7ef27d654df"
  
  ansi-styles@^2.2.1:
    version "2.2.1"
    resolved "http://r.cnpmjs.org/ansi-styles/download/ansi-styles-2.2.1.tgz#b432dd3358b634cf75e1e4664368240533c1ddbe"
  
  array-flatten@1.1.1:
    version "1.1.1"
    resolved "http://r.cnpmjs.org/array-flatten/download/array-flatten-1.1.1.tgz#9a5f699051b1e7073328f2a008968b64ea2955d2"
  
  asn1@~0.2.3:
    version "0.2.3"
    resolved "http://r.cnpmjs.org/asn1/download/asn1-0.2.3.tgz#dac8787713c9966849fc8180777ebe9c1ddf3b86"
  
  assert-plus@^0.2.0:
    version "0.2.0"
    resolved "http://r.cnpmjs.org/assert-plus/download/assert-plus-0.2.0.tgz#d74e1b87e7affc0db8aadb7021f3fe48101ab234"
  
  assert-plus@^1.0.0:
    version "1.0.0"
    resolved "http://r.cnpmjs.org/assert-plus/download/assert-plus-1.0.0.tgz#f12e0f3c5d77b0b1cdd9146942e4e96c1e4dd525"
  
  async@^2.1.4:
    version "2.1.4"
    resolved "http://r.cnpmjs.org/async/download/async-2.1.4.tgz#2d2160c7788032e4dd6cbe2502f1f9a2c8f6cde4"
    dependencies:
      lodash "^4.14.0"
  
  asynckit@^0.4.0:
    version "0.4.0"
    resolved "http://r.cnpmjs.org/asynckit/download/asynckit-0.4.0.tgz#c79ed97f7f34cb8f2ba1bc9790bcc366474b4b79"
  
  aws-sign2@~0.6.0:
    version "0.6.0"
    resolved "http://r.cnpmjs.org/aws-sign2/download/aws-sign2-0.6.0.tgz#14342dd38dbcc94d0e5b87d763cd63612c0e794f"
  
  aws4@^1.2.1:
    version "1.6.0"
    resolved "http://r.cnpmjs.org/aws4/download/aws4-1.6.0.tgz#83ef5ca860b2b32e4a0deedee8c771b9db57471e"
  
  axios@^0.15.3:
    version "0.15.3"
    resolved "http://r.cnpmjs.org/axios/download/axios-0.15.3.tgz#2c9d638b2e191a08ea1d6cc988eadd6ba5bdc053"
    dependencies:
      follow-redirects "1.0.0"
  
  bcrypt-pbkdf@^1.0.0:
    version "1.0.1"
    resolved "http://r.cnpmjs.org/bcrypt-pbkdf/download/bcrypt-pbkdf-1.0.1.tgz#63bc5dcb61331b92bc05fd528953c33462a06f8d"
    dependencies:
      tweetnacl "^0.14.3"
  
  boom@2.x.x:
    version "2.10.1"
    resolved "http://r.cnpmjs.org/boom/download/boom-2.10.1.tgz#39c8918ceff5799f83f9492a848f625add0c766f"
    dependencies:
      hoek "2.x.x"
  
  bson@~1.0.4:
    version "1.0.4"
    resolved "http://r.cnpmjs.org/bson/download/bson-1.0.4.tgz#93c10d39eaa5b58415cbc4052f3e53e562b0b72c"
  
  buffer-shims@^1.0.0:
    version "1.0.0"
    resolved "http://r.cnpmjs.org/buffer-shims/download/buffer-shims-1.0.0.tgz#9978ce317388c649ad8793028c3477ef044a8b51"
  
  caseless@~0.11.0:
    version "0.11.0"
    resolved "http://r.cnpmjs.org/caseless/download/caseless-0.11.0.tgz#715b96ea9841593cc33067923f5ec60ebda4f7d7"
  
  chalk@^1.1.1:
    version "1.1.3"
    resolved "http://r.cnpmjs.org/chalk/download/chalk-1.1.3.tgz#a8115c55e4a702fe4d150abd3872822a7e09fc98"
    dependencies:
      ansi-styles "^2.2.1"
      escape-string-regexp "^1.0.2"
      has-ansi "^2.0.0"
      strip-ansi "^3.0.0"
      supports-color "^2.0.0"
  
  charenc@~0.0.1:
    version "0.0.2"
    resolved "http://r.cnpmjs.org/charenc/download/charenc-0.0.2.tgz#c0a1d2f3a7092e03774bfa83f14c0fc5790a8667"
  
  combined-stream@^1.0.5, combined-stream@~1.0.5:
    version "1.0.5"
    resolved "http://r.cnpmjs.org/combined-stream/download/combined-stream-1.0.5.tgz#938370a57b4a51dea2c77c15d5c5fdf895164009"
    dependencies:
      delayed-stream "~1.0.0"
  
  commander@^2.9.0:
    version "2.9.0"
    resolved "http://r.cnpmjs.org/commander/download/commander-2.9.0.tgz#9c99094176e12240cb22d6c5146098400fe0f7d4"
    dependencies:
      graceful-readlink ">= 1.0.0"
  
  content-disposition@0.5.2:
    version "0.5.2"
    resolved "http://r.cnpmjs.org/content-disposition/download/content-disposition-0.5.2.tgz#0cf68bb9ddf5f2be7961c3a85178cb85dba78cb4"
  
  content-type@~1.0.2:
    version "1.0.2"
    resolved "http://r.cnpmjs.org/content-type/download/content-type-1.0.2.tgz#b7d113aee7a8dd27bd21133c4dc2529df1721eed"
  
  cookie-signature@1.0.6:
    version "1.0.6"
    resolved "http://r.cnpmjs.org/cookie-signature/download/cookie-signature-1.0.6.tgz#e303a882b342cc3ee8ca513a79999734dab3ae2c"
  
  cookie@0.3.1:
    version "0.3.1"
    resolved "http://r.cnpmjs.org/cookie/download/cookie-0.3.1.tgz#e7e0a1f9ef43b4c8ba925c5c5a96e806d16873bb"
  
  core-util-is@~1.0.0:
    version "1.0.2"
    resolved "http://r.cnpmjs.org/core-util-is/download/core-util-is-1.0.2.tgz#b5fd54220aa2bc5ab57aab7140c940754503c1a7"
  
  crypt@~0.0.1:
    version "0.0.2"
    resolved "http://r.cnpmjs.org/crypt/download/crypt-0.0.2.tgz#88d7ff7ec0dfb86f713dc87bbb42d044d3e6c41b"
  
  cryptiles@2.x.x:
    version "2.0.5"
    resolved "http://r.cnpmjs.org/cryptiles/download/cryptiles-2.0.5.tgz#3bdfecdc608147c1c67202fa291e7dca59eaa3b8"
    dependencies:
      boom "2.x.x"
  
  dashdash@^1.12.0:
    version "1.14.1"
    resolved "http://r.cnpmjs.org/dashdash/download/dashdash-1.14.1.tgz#853cfa0f7cbe2fed5de20326b8dd581035f6e2f0"
    dependencies:
      assert-plus "^1.0.0"
  
  debug@^2.2.0, debug@~2.2.0:
    version "2.2.0"
    resolved "http://r.cnpmjs.org/debug/download/debug-2.2.0.tgz#f87057e995b1a1f6ae6a4960664137bc56f039da"
    dependencies:
      ms "0.7.1"
  
  delayed-stream@~1.0.0:
    version "1.0.0"
    resolved "http://r.cnpmjs.org/delayed-stream/download/delayed-stream-1.0.0.tgz#df3ae199acadfb7d440aaae0b29e2272b24ec619"
  
  depd@~1.1.0:
    version "1.1.0"
    resolved "http://r.cnpmjs.org/depd/download/depd-1.1.0.tgz#e1bd82c6aab6ced965b97b88b17ed3e528ca18c3"
  
  destroy@~1.0.4:
    version "1.0.4"
    resolved "http://r.cnpmjs.org/destroy/download/destroy-1.0.4.tgz#978857442c44749e4206613e37946205826abd80"
  
  ecc-jsbn@~0.1.1:
    version "0.1.1"
    resolved "http://r.cnpmjs.org/ecc-jsbn/download/ecc-jsbn-0.1.1.tgz#0fc73a9ed5f0d53c38193398523ef7e543777505"
    dependencies:
      jsbn "~0.1.0"
  
  ee-first@1.1.1:
    version "1.1.1"
    resolved "http://r.cnpmjs.org/ee-first/download/ee-first-1.1.1.tgz#590c61156b0ae2f4f0255732a158b266bc56b21d"
  
  encodeurl@~1.0.1:
    version "1.0.1"
    resolved "http://r.cnpmjs.org/encodeurl/download/encodeurl-1.0.1.tgz#79e3d58655346909fe6f0f45a5de68103b294d20"
  
  es6-promise@3.2.1:
    version "3.2.1"
    resolved "http://r.cnpmjs.org/es6-promise/download/es6-promise-3.2.1.tgz#ec56233868032909207170c39448e24449dd1fc4"
  
  escape-html@~1.0.3:
    version "1.0.3"
    resolved "http://r.cnpmjs.org/escape-html/download/escape-html-1.0.3.tgz#0258eae4d3d0c0974de1c169188ef0051d1d1988"
  
  escape-string-regexp@^1.0.2:
    version "1.0.5"
    resolved "http://r.cnpmjs.org/escape-string-regexp/download/escape-string-regexp-1.0.5.tgz#1b61c0562190a8dff6ae3bb2cf0200ca130b86d4"
  
  etag@~1.7.0:
    version "1.7.0"
    resolved "http://r.cnpmjs.org/etag/download/etag-1.7.0.tgz#03d30b5f67dd6e632d2945d30d6652731a34d5d8"
  
  express@^4.14.0:
    version "4.14.1"
    resolved "http://r.cnpmjs.org/express/download/express-4.14.1.tgz#646c237f766f148c2120aff073817b9e4d7e0d33"
    dependencies:
      accepts "~1.3.3"
      array-flatten "1.1.1"
      content-disposition "0.5.2"
      content-type "~1.0.2"
      cookie "0.3.1"
      cookie-signature "1.0.6"
      debug "~2.2.0"
      depd "~1.1.0"
      encodeurl "~1.0.1"
      escape-html "~1.0.3"
      etag "~1.7.0"
      finalhandler "0.5.1"
      fresh "0.3.0"
      merge-descriptors "1.0.1"
      methods "~1.1.2"
      on-finished "~2.3.0"
      parseurl "~1.3.1"
      path-to-regexp "0.1.7"
      proxy-addr "~1.1.3"
      qs "6.2.0"
      range-parser "~1.2.0"
      send "0.14.2"
      serve-static "~1.11.2"
      type-is "~1.6.14"
      utils-merge "1.0.0"
      vary "~1.1.0"
  
  extend@~3.0.0:
    version "3.0.0"
    resolved "http://r.cnpmjs.org/extend/download/extend-3.0.0.tgz#5a474353b9f3353ddd8176dfd37b91c83a46f1d4"
  
  extsprintf@1.0.2:
    version "1.0.2"
    resolved "http://r.cnpmjs.org/extsprintf/download/extsprintf-1.0.2.tgz#e1080e0658e300b06294990cc70e1502235fd550"
  
  finalhandler@0.5.1:
    version "0.5.1"
    resolved "http://r.cnpmjs.org/finalhandler/download/finalhandler-0.5.1.tgz#2c400d8d4530935bc232549c5fa385ec07de6fcd"
    dependencies:
      debug "~2.2.0"
      escape-html "~1.0.3"
      on-finished "~2.3.0"
      statuses "~1.3.1"
      unpipe "~1.0.0"
  
  follow-redirects@1.0.0:
    version "1.0.0"
    resolved "http://r.cnpmjs.org/follow-redirects/download/follow-redirects-1.0.0.tgz#8e34298cbd2e176f254effec75a1c78cc849fd37"
    dependencies:
      debug "^2.2.0"
  
  forever-agent@~0.6.1:
    version "0.6.1"
    resolved "http://r.cnpmjs.org/forever-agent/download/forever-agent-0.6.1.tgz#fbc71f0c41adeb37f96c577ad1ed42d8fdacca91"
  
  form-data@~2.1.1:
    version "2.1.2"
    resolved "http://r.cnpmjs.org/form-data/download/form-data-2.1.2.tgz#89c3534008b97eada4cbb157d58f6f5df025eae4"
    dependencies:
      asynckit "^0.4.0"
      combined-stream "^1.0.5"
      mime-types "^2.1.12"
  
  forwarded@~0.1.0:
    version "0.1.0"
    resolved "http://r.cnpmjs.org/forwarded/download/forwarded-0.1.0.tgz#19ef9874c4ae1c297bcf078fde63a09b66a84363"
  
  fresh@0.3.0:
    version "0.3.0"
    resolved "http://r.cnpmjs.org/fresh/download/fresh-0.3.0.tgz#651f838e22424e7566de161d8358caa199f83d4f"
  
  generate-function@^2.0.0:
    version "2.0.0"
    resolved "http://r.cnpmjs.org/generate-function/download/generate-function-2.0.0.tgz#6858fe7c0969b7d4e9093337647ac79f60dfbe74"
  
  generate-object-property@^1.1.0:
    version "1.2.0"
    resolved "http://r.cnpmjs.org/generate-object-property/download/generate-object-property-1.2.0.tgz#9c0e1c40308ce804f4783618b937fa88f99d50d0"
    dependencies:
      is-property "^1.0.0"
  
  getpass@^0.1.1:
    version "0.1.6"
    resolved "http://r.cnpmjs.org/getpass/download/getpass-0.1.6.tgz#283ffd9fc1256840875311c1b60e8c40187110e6"
    dependencies:
      assert-plus "^1.0.0"
  
  "graceful-readlink@>= 1.0.0":
    version "1.0.1"
    resolved "http://r.cnpmjs.org/graceful-readlink/download/graceful-readlink-1.0.1.tgz#4cafad76bc62f02fa039b2f94e9a3dd3a391a725"
  
  har-validator@~2.0.6:
    version "2.0.6"
    resolved "http://r.cnpmjs.org/har-validator/download/har-validator-2.0.6.tgz#cdcbc08188265ad119b6a5a7c8ab70eecfb5d27d"
    dependencies:
      chalk "^1.1.1"
      commander "^2.9.0"
      is-my-json-valid "^2.12.4"
      pinkie-promise "^2.0.0"
  
  has-ansi@^2.0.0:
    version "2.0.0"
    resolved "http://r.cnpmjs.org/has-ansi/download/has-ansi-2.0.0.tgz#34f5049ce1ecdf2b0649af3ef24e45ed35416d91"
    dependencies:
      ansi-regex "^2.0.0"
  
  hawk@~3.1.3:
    version "3.1.3"
    resolved "http://r.cnpmjs.org/hawk/download/hawk-3.1.3.tgz#078444bd7c1640b0fe540d2c9b73d59678e8e1c4"
    dependencies:
      boom "2.x.x"
      cryptiles "2.x.x"
      hoek "2.x.x"
      sntp "1.x.x"
  
  hoek@2.x.x:
    version "2.16.3"
    resolved "http://r.cnpmjs.org/hoek/download/hoek-2.16.3.tgz#20bb7403d3cea398e91dc4710a8ff1b8274a25ed"
  
  http-errors@~1.5.1:
    version "1.5.1"
    resolved "http://r.cnpmjs.org/http-errors/download/http-errors-1.5.1.tgz#788c0d2c1de2c81b9e6e8c01843b6b97eb920750"
    dependencies:
      inherits "2.0.3"
      setprototypeof "1.0.2"
      statuses ">= 1.3.1 < 2"
  
  http-signature@~1.1.0:
    version "1.1.1"
    resolved "http://r.cnpmjs.org/http-signature/download/http-signature-1.1.1.tgz#df72e267066cd0ac67fb76adf8e134a8fbcf91bf"
    dependencies:
      assert-plus "^0.2.0"
      jsprim "^1.2.2"
      sshpk "^1.7.0"
  
  inherits@2.0.3, inherits@~2.0.1:
    version "2.0.3"
    resolved "http://r.cnpmjs.org/inherits/download/inherits-2.0.3.tgz#633c2c83e3da42a502f52466022480f4208261de"
  
  ipaddr.js@1.2.0:
    version "1.2.0"
    resolved "http://r.cnpmjs.org/ipaddr.js/download/ipaddr.js-1.2.0.tgz#8aba49c9192799585bdd643e0ccb50e8ae777ba4"
  
  is-buffer@~1.1.1:
    version "1.1.4"
    resolved "http://r.cnpmjs.org/is-buffer/download/is-buffer-1.1.4.tgz#cfc86ccd5dc5a52fa80489111c6920c457e2d98b"
  
  is-my-json-valid@^2.12.4:
    version "2.15.0"
    resolved "http://r.cnpmjs.org/is-my-json-valid/download/is-my-json-valid-2.15.0.tgz#936edda3ca3c211fd98f3b2d3e08da43f7b2915b"
    dependencies:
      generate-function "^2.0.0"
      generate-object-property "^1.1.0"
      jsonpointer "^4.0.0"
      xtend "^4.0.0"
  
  is-property@^1.0.0:
    version "1.0.2"
    resolved "http://r.cnpmjs.org/is-property/download/is-property-1.0.2.tgz#57fe1c4e48474edd65b09911f26b1cd4095dda84"
  
  is-typedarray@~1.0.0:
    version "1.0.0"
    resolved "http://r.cnpmjs.org/is-typedarray/download/is-typedarray-1.0.0.tgz#e479c80858df0c1b11ddda6940f96011fcda4a9a"
  
  isarray@~1.0.0:
    version "1.0.0"
    resolved "http://r.cnpmjs.org/isarray/download/isarray-1.0.0.tgz#bb935d48582cba168c06834957a54a3e07124f11"
  
  isstream@~0.1.2:
    version "0.1.2"
    resolved "http://r.cnpmjs.org/isstream/download/isstream-0.1.2.tgz#47e63f7af55afa6f92e1500e690eb8b8529c099a"
  
  jodid25519@^1.0.0:
    version "1.0.2"
    resolved "http://r.cnpmjs.org/jodid25519/download/jodid25519-1.0.2.tgz#06d4912255093419477d425633606e0e90782967"
    dependencies:
      jsbn "~0.1.0"
  
  jsbn@~0.1.0:
    version "0.1.1"
    resolved "http://r.cnpmjs.org/jsbn/download/jsbn-0.1.1.tgz#a5e654c2e5a2deb5f201d96cefbca80c0ef2f513"
  
  json-schema@0.2.3:
    version "0.2.3"
    resolved "http://r.cnpmjs.org/json-schema/download/json-schema-0.2.3.tgz#b480c892e59a2f05954ce727bd3f2a4e882f9e13"
  
  json-stringify-safe@~5.0.1:
    version "5.0.1"
    resolved "http://r.cnpmjs.org/json-stringify-safe/download/json-stringify-safe-5.0.1.tgz#1296a2d58fd45f19a0f6ce01d65701e2c735b6eb"
  
  jsonpointer@^4.0.0:
    version "4.0.1"
    resolved "http://r.cnpmjs.org/jsonpointer/download/jsonpointer-4.0.1.tgz#4fd92cb34e0e9db3c89c8622ecf51f9b978c6cb9"
  
  jsprim@^1.2.2:
    version "1.3.1"
    resolved "http://r.cnpmjs.org/jsprim/download/jsprim-1.3.1.tgz#2a7256f70412a29ee3670aaca625994c4dcff252"
    dependencies:
      extsprintf "1.0.2"
      json-schema "0.2.3"
      verror "1.3.6"
  
  lodash@^4.14.0:
    version "4.17.4"
    resolved "http://r.cnpmjs.org/lodash/download/lodash-4.17.4.tgz#78203a4d1c328ae1d86dca6460e369b57f4055ae"
  
  md5@^2.2.1:
    version "2.2.1"
    resolved "http://r.cnpmjs.org/md5/download/md5-2.2.1.tgz#53ab38d5fe3c8891ba465329ea23fac0540126f9"
    dependencies:
      charenc "~0.0.1"
      crypt "~0.0.1"
      is-buffer "~1.1.1"
  
  media-typer@0.3.0:
    version "0.3.0"
    resolved "http://r.cnpmjs.org/media-typer/download/media-typer-0.3.0.tgz#8710d7af0aa626f8fffa1ce00168545263255748"
  
  merge-descriptors@1.0.1:
    version "1.0.1"
    resolved "http://r.cnpmjs.org/merge-descriptors/download/merge-descriptors-1.0.1.tgz#b00aaa556dd8b44568150ec9d1b953f3f90cbb61"
  
  methods@~1.1.2:
    version "1.1.2"
    resolved "http://r.cnpmjs.org/methods/download/methods-1.1.2.tgz#5529a4d67654134edcc5266656835b0f851afcee"
  
  mime-db@~1.26.0:
    version "1.26.0"
    resolved "http://r.cnpmjs.org/mime-db/download/mime-db-1.26.0.tgz#eaffcd0e4fc6935cf8134da246e2e6c35305adff"
  
  mime-types@^2.1.12, mime-types@~2.1.11, mime-types@~2.1.13, mime-types@~2.1.7:
    version "2.1.14"
    resolved "http://r.cnpmjs.org/mime-types/download/mime-types-2.1.14.tgz#f7ef7d97583fcaf3b7d282b6f8b5679dab1e94ee"
    dependencies:
      mime-db "~1.26.0"
  
  mime@1.3.4:
    version "1.3.4"
    resolved "http://r.cnpmjs.org/mime/download/mime-1.3.4.tgz#115f9e3b6b3daf2959983cb38f149a2d40eb5d53"
  
  mongodb-core@2.1.8:
    version "2.1.8"
    resolved "http://r.cnpmjs.org/mongodb-core/download/mongodb-core-2.1.8.tgz#b33e0370d0a59d97b6cb1ec610527be9e95ca2c0"
    dependencies:
      bson "~1.0.4"
      require_optional "~1.0.0"
  
  mongodb@^2.2.11:
    version "2.2.23"
    resolved "http://r.cnpmjs.org/mongodb/download/mongodb-2.2.23.tgz#46195ef824254801550c9af53049420cd66a07c1"
    dependencies:
      es6-promise "3.2.1"
      mongodb-core "2.1.8"
      readable-stream "2.1.5"
  
  ms@0.7.1:
    version "0.7.1"
    resolved "http://r.cnpmjs.org/ms/download/ms-0.7.1.tgz#9cd13c03adbff25b65effde7ce864ee952017098"
  
  ms@0.7.2:
    version "0.7.2"
    resolved "http://r.cnpmjs.org/ms/download/ms-0.7.2.tgz#ae25cf2512b3885a1d95d7f037868d8431124765"
  
  negotiator@0.6.1:
    version "0.6.1"
    resolved "http://r.cnpmjs.org/negotiator/download/negotiator-0.6.1.tgz#2b327184e8992101177b28563fb5e7102acd0ca9"
  
  oauth-sign@~0.8.1:
    version "0.8.2"
    resolved "http://r.cnpmjs.org/oauth-sign/download/oauth-sign-0.8.2.tgz#46a6ab7f0aead8deae9ec0565780b7d4efeb9d43"
  
  on-finished@~2.3.0:
    version "2.3.0"
    resolved "http://r.cnpmjs.org/on-finished/download/on-finished-2.3.0.tgz#20f1336481b083cd75337992a16971aa2d906947"
    dependencies:
      ee-first "1.1.1"
  
  parseurl@~1.3.1:
    version "1.3.1"
    resolved "http://r.cnpmjs.org/parseurl/download/parseurl-1.3.1.tgz#c8ab8c9223ba34888aa64a297b28853bec18da56"
  
  path-to-regexp@0.1.7:
    version "0.1.7"
    resolved "http://r.cnpmjs.org/path-to-regexp/download/path-to-regexp-0.1.7.tgz#df604178005f522f15eb4490e7247a1bfaa67f8c"
  
  pinkie-promise@^2.0.0:
    version "2.0.1"
    resolved "http://r.cnpmjs.org/pinkie-promise/download/pinkie-promise-2.0.1.tgz#2135d6dfa7a358c069ac9b178776288228450ffa"
    dependencies:
      pinkie "^2.0.0"
  
  pinkie@^2.0.0:
    version "2.0.4"
    resolved "http://r.cnpmjs.org/pinkie/download/pinkie-2.0.4.tgz#72556b80cfa0d48a974e80e77248e80ed4f7f870"
  
  process-nextick-args@~1.0.6:
    version "1.0.7"
    resolved "http://r.cnpmjs.org/process-nextick-args/download/process-nextick-args-1.0.7.tgz#150e20b756590ad3f91093f25a4f2ad8bff30ba3"
  
  proxy-addr@~1.1.3:
    version "1.1.3"
    resolved "http://r.cnpmjs.org/proxy-addr/download/proxy-addr-1.1.3.tgz#dc97502f5722e888467b3fa2297a7b1ff47df074"
    dependencies:
      forwarded "~0.1.0"
      ipaddr.js "1.2.0"
  
  punycode@^1.4.1:
    version "1.4.1"
    resolved "http://r.cnpmjs.org/punycode/download/punycode-1.4.1.tgz#c0d5a63b2718800ad8e1eb0fa5269c84dd41845e"
  
  qs@6.2.0:
    version "6.2.0"
    resolved "http://r.cnpmjs.org/qs/download/qs-6.2.0.tgz#3b7848c03c2dece69a9522b0fae8c4126d745f3b"
  
  qs@~6.3.0:
    version "6.3.0"
    resolved "http://r.cnpmjs.org/qs/download/qs-6.3.0.tgz#f403b264f23bc01228c74131b407f18d5ea5d442"
  
  range-parser@~1.2.0:
    version "1.2.0"
    resolved "http://r.cnpmjs.org/range-parser/download/range-parser-1.2.0.tgz#f49be6b487894ddc40dcc94a322f611092e00d5e"
  
  readable-stream@2.1.5:
    version "2.1.5"
    resolved "http://r.cnpmjs.org/readable-stream/download/readable-stream-2.1.5.tgz#66fa8b720e1438b364681f2ad1a63c618448c9d0"
    dependencies:
      buffer-shims "^1.0.0"
      core-util-is "~1.0.0"
      inherits "~2.0.1"
      isarray "~1.0.0"
      process-nextick-args "~1.0.6"
      string_decoder "~0.10.x"
      util-deprecate "~1.0.1"
  
  request@^2.79.0:
    version "2.79.0"
    resolved "http://r.cnpmjs.org/request/download/request-2.79.0.tgz#4dfe5bf6be8b8cdc37fcf93e04b65577722710de"
    dependencies:
      aws-sign2 "~0.6.0"
      aws4 "^1.2.1"
      caseless "~0.11.0"
      combined-stream "~1.0.5"
      extend "~3.0.0"
      forever-agent "~0.6.1"
      form-data "~2.1.1"
      har-validator "~2.0.6"
      hawk "~3.1.3"
      http-signature "~1.1.0"
      is-typedarray "~1.0.0"
      isstream "~0.1.2"
      json-stringify-safe "~5.0.1"
      mime-types "~2.1.7"
      oauth-sign "~0.8.1"
      qs "~6.3.0"
      stringstream "~0.0.4"
      tough-cookie "~2.3.0"
      tunnel-agent "~0.4.1"
      uuid "^3.0.0"
  
  require_optional@~1.0.0:
    version "1.0.0"
    resolved "http://r.cnpmjs.org/require_optional/download/require_optional-1.0.0.tgz#52a86137a849728eb60a55533617f8f914f59abf"
    dependencies:
      resolve-from "^2.0.0"
      semver "^5.1.0"
  
  resolve-from@^2.0.0:
    version "2.0.0"
    resolved "http://r.cnpmjs.org/resolve-from/download/resolve-from-2.0.0.tgz#9480ab20e94ffa1d9e80a804c7ea147611966b57"
  
  semver@^5.1.0:
    version "5.3.0"
    resolved "http://r.cnpmjs.org/semver/download/semver-5.3.0.tgz#9b2ce5d3de02d17c6012ad326aa6b4d0cf54f94f"
  
  send@0.14.2:
    version "0.14.2"
    resolved "http://r.cnpmjs.org/send/download/send-0.14.2.tgz#39b0438b3f510be5dc6f667a11f71689368cdeef"
    dependencies:
      debug "~2.2.0"
      depd "~1.1.0"
      destroy "~1.0.4"
      encodeurl "~1.0.1"
      escape-html "~1.0.3"
      etag "~1.7.0"
      fresh "0.3.0"
      http-errors "~1.5.1"
      mime "1.3.4"
      ms "0.7.2"
      on-finished "~2.3.0"
      range-parser "~1.2.0"
      statuses "~1.3.1"
  
  serve-static@~1.11.2:
    version "1.11.2"
    resolved "http://r.cnpmjs.org/serve-static/download/serve-static-1.11.2.tgz#2cf9889bd4435a320cc36895c9aa57bd662e6ac7"
    dependencies:
      encodeurl "~1.0.1"
      escape-html "~1.0.3"
      parseurl "~1.3.1"
      send "0.14.2"
  
  setprototypeof@1.0.2:
    version "1.0.2"
    resolved "http://r.cnpmjs.org/setprototypeof/download/setprototypeof-1.0.2.tgz#81a552141ec104b88e89ce383103ad5c66564d08"
  
  sntp@1.x.x:
    version "1.0.9"
    resolved "http://r.cnpmjs.org/sntp/download/sntp-1.0.9.tgz#6541184cc90aeea6c6e7b35e2659082443c66198"
    dependencies:
      hoek "2.x.x"
  
  sshpk@^1.7.0:
    version "1.10.2"
    resolved "http://r.cnpmjs.org/sshpk/download/sshpk-1.10.2.tgz#d5a804ce22695515638e798dbe23273de070a5fa"
    dependencies:
      asn1 "~0.2.3"
      assert-plus "^1.0.0"
      dashdash "^1.12.0"
      getpass "^0.1.1"
    optionalDependencies:
      bcrypt-pbkdf "^1.0.0"
      ecc-jsbn "~0.1.1"
      jodid25519 "^1.0.0"
      jsbn "~0.1.0"
      tweetnacl "~0.14.0"
  
  "statuses@>= 1.3.1 < 2", statuses@~1.3.1:
    version "1.3.1"
    resolved "http://r.cnpmjs.org/statuses/download/statuses-1.3.1.tgz#faf51b9eb74aaef3b3acf4ad5f61abf24cb7b93e"
  
  string_decoder@~0.10.x:
    version "0.10.31"
    resolved "http://r.cnpmjs.org/string_decoder/download/string_decoder-0.10.31.tgz#62e203bc41766c6c28c9fc84301dab1c5310fa94"
  
  stringstream@~0.0.4:
    version "0.0.5"
    resolved "http://r.cnpmjs.org/stringstream/download/stringstream-0.0.5.tgz#4e484cd4de5a0bbbee18e46307710a8a81621878"
  
  strip-ansi@^3.0.0:
    version "3.0.1"
    resolved "http://r.cnpmjs.org/strip-ansi/download/strip-ansi-3.0.1.tgz#6a385fb8853d952d5ff05d0e8aaf94278dc63dcf"
    dependencies:
      ansi-regex "^2.0.0"
  
  supports-color@^2.0.0:
    version "2.0.0"
    resolved "http://r.cnpmjs.org/supports-color/download/supports-color-2.0.0.tgz#535d045ce6b6363fa40117084629995e9df324c7"
  
  tough-cookie@~2.3.0:
    version "2.3.2"
    resolved "http://r.cnpmjs.org/tough-cookie/download/tough-cookie-2.3.2.tgz#f081f76e4c85720e6c37a5faced737150d84072a"
    dependencies:
      punycode "^1.4.1"
  
  tunnel-agent@~0.4.1:
    version "0.4.3"
    resolved "http://r.cnpmjs.org/tunnel-agent/download/tunnel-agent-0.4.3.tgz#6373db76909fe570e08d73583365ed828a74eeeb"
  
  tweetnacl@^0.14.3, tweetnacl@~0.14.0:
    version "0.14.5"
    resolved "http://r.cnpmjs.org/tweetnacl/download/tweetnacl-0.14.5.tgz#5ae68177f192d4456269d108afa93ff8743f4f64"
  
  type-is@~1.6.14:
    version "1.6.14"
    resolved "http://r.cnpmjs.org/type-is/download/type-is-1.6.14.tgz#e219639c17ded1ca0789092dd54a03826b817cb2"
    dependencies:
      media-typer "0.3.0"
      mime-types "~2.1.13"
  
  unpipe@~1.0.0:
    version "1.0.0"
    resolved "http://r.cnpmjs.org/unpipe/download/unpipe-1.0.0.tgz#b2bf4ee8514aae6165b4817829d21b2ef49904ec"
  
  util-deprecate@~1.0.1:
    version "1.0.2"
    resolved "http://r.cnpmjs.org/util-deprecate/download/util-deprecate-1.0.2.tgz#450d4dc9fa70de732762fbd2d4a28981419a0ccf"
  
  utils-merge@1.0.0:
    version "1.0.0"
    resolved "http://r.cnpmjs.org/utils-merge/download/utils-merge-1.0.0.tgz#0294fb922bb9375153541c4f7096231f287c8af8"
  
  uuid@^3.0.0:
    version "3.0.1"
    resolved "http://r.cnpmjs.org/uuid/download/uuid-3.0.1.tgz#6544bba2dfda8c1cf17e629a3a305e2bb1fee6c1"
  
  vary@~1.1.0:
    version "1.1.0"
    resolved "http://r.cnpmjs.org/vary/download/vary-1.1.0.tgz#e1e5affbbd16ae768dd2674394b9ad3022653140"
  
  verror@1.3.6:
    version "1.3.6"
    resolved "http://r.cnpmjs.org/verror/download/verror-1.3.6.tgz#cff5df12946d297d2baaefaa2689e25be01c005c"
    dependencies:
      extsprintf "1.0.2"
  
  xtend@^4.0.0:
    version "4.0.1"
    resolved "http://r.cnpmjs.org/xtend/download/xtend-4.0.1.tgz#a5c6d532be656e23db820efb943a1f04998d63af"

Trace: 
  Error: getaddrinfo EAI_AGAIN registry.yarnpkg.com:443
      at Object.exports._errnoException (util.js:1022:11)
      at errnoException (dns.js:33:15)
      at GetAddrInfoReqWrap.onlookup [as oncomplete] (dns.js:76:26)
